[22:31:28] [main/INFO]: Loading Minecraft 1.21.5 with Fabric Loader 0.16.14
[22:31:28] [main/INFO]: Loading 4 mods:
	- fabricloader 0.16.14
	   \-- mixinextras 0.4.1
	- java 21
	- minecraft 1.21.5
[22:31:28] [main/INFO]: SpongePowered MIXIN Subsystem Version=0.8.7 Source=file:/workspaces/Server-Minecraft/servidor_minecraft/libraries/net/fabricmc/sponge-mixin/0.15.5+mixin.0.8.7/sponge-mixin-0.15.5+mixin.0.8.7.jar Service=Knot/Fabric Env=SERVER
[22:31:34] [main/INFO]: Environment: Environment[sessionHost=https://sessionserver.mojang.com, servicesHost=https://api.minecraftservices.com, name=PROD]
[22:31:35] [main/INFO]: No existing world data, creating new world
[22:31:36] [main/INFO]: Loaded 1373 recipes
[22:31:36] [main/INFO]: Loaded 1484 advancements
[22:31:36] [Server thread/INFO]: Starting minecraft server version 1.21.5
[22:31:36] [Server thread/INFO]: Loading properties
[22:31:36] [Server thread/INFO]: Default game type: SURVIVAL
[22:31:36] [Server thread/INFO]: Generating keypair
[22:31:36] [Server thread/INFO]: Starting Minecraft server on *:25565
[22:31:37] [Server thread/INFO]: Using epoll channel type
[22:31:37] [Server thread/WARN]: **** SERVER IS RUNNING IN OFFLINE/INSECURE MODE!
[22:31:37] [Server thread/WARN]: The server will make no attempt to authenticate usernames. Beware.
[22:31:37] [Server thread/WARN]: While this makes the game possible to play without internet access, it also opens up the ability for hackers to connect with any username they choose.
[22:31:37] [Server thread/WARN]: To change this, set "online-mode" to "true" in the server.properties file.
[22:31:37] [Server thread/INFO]: Preparing level "world"
[22:31:43] [Server thread/INFO]: Preparing start region for dimension minecraft:overworld
[22:31:43] [Worker-Main-2/INFO]: Preparing spawn area: 10%
[22:31:44] [Worker-Main-1/INFO]: Preparing spawn area: 10%
[22:31:45] [Worker-Main-3/INFO]: Preparing spawn area: 22%
[22:31:45] [Worker-Main-1/INFO]: Preparing spawn area: 22%
[22:31:45] [Worker-Main-2/INFO]: Preparing spawn area: 22%
[22:31:46] [Worker-Main-2/INFO]: Preparing spawn area: 51%
[22:31:46] [Worker-Main-2/INFO]: Preparing spawn area: 51%
[22:31:47] [Worker-Main-2/INFO]: Preparing spawn area: 51%
[22:31:47] [Server thread/INFO]: Time elapsed: 4031 ms
[22:31:47] [Server thread/INFO]: Done (10.762s)! For help, type "help"
[22:32:47] [Server thread/INFO]: Server empty for 60 seconds, pausing
[22:33:47] [Server thread/INFO]: MarcelM9[/100.115.229.49:51655] logged in with entity id 9 at (265.5, 63.0, 87.5)
[22:33:47] [Server thread/INFO]: MarcelM9 joined the game
[22:35:27] [Server thread/INFO]: MarcelM9 has made the advancement [Ice Bucket Challenge]
[22:36:52] [Server thread/INFO]: MarcelM9 lost connection: Disconnected
[22:36:52] [Server thread/INFO]: MarcelM9 left the game
[22:37:52] [Server thread/INFO]: Server empty for 60 seconds, pausing
